{"/home/gpol/Projects/aitiser/aisistent/web-server/src/server.ts": {"path":"/home/gpol/Projects/aitiser/aisistent/web-server/src/server.ts","statementMap":{"0":{"start":{"line":1,"column":0},"end":{"line":1,"column":36}},"1":{"start":{"line":2,"column":0},"end":{"line":2,"column":43}},"2":{"start":{"line":10,"column":21},"end":{"line":22,"column":1}},"3":{"start":{"line":11,"column":2},"end":{"line":11,"column":30}},"4":{"start":{"line":12,"column":13},"end":{"line":14,"column":4}},"5":{"start":{"line":16,"column":2},"end":{"line":19,"column":5}},"6":{"start":{"line":17,"column":4},"end":{"line":17,"column":34}},"7":{"start":{"line":21,"column":2},"end":{"line":21,"column":26}},"8":{"start":{"line":10,"column":13},"end":{"line":10,"column":21}},"9":{"start":{"line":24,"column":20},"end":{"line":26,"column":1}},"10":{"start":{"line":25,"column":2},"end":{"line":25,"column":21}},"11":{"start":{"line":24,"column":13},"end":{"line":24,"column":20}}},"fnMap":{"0":{"name":"(anonymous_0)","decl":{"start":{"line":10,"column":21},"end":{"line":10,"column":22}},"loc":{"start":{"line":10,"column":54},"end":{"line":22,"column":1}}},"1":{"name":"(anonymous_1)","decl":{"start":{"line":16,"column":22},"end":{"line":16,"column":23}},"loc":{"start":{"line":16,"column":41},"end":{"line":19,"column":3}}},"2":{"name":"(anonymous_2)","decl":{"start":{"line":24,"column":20},"end":{"line":24,"column":29}},"loc":{"start":{"line":24,"column":31},"end":{"line":26,"column":1}}}},"branchMap":{},"s":{"0":1,"1":1,"2":1,"3":1,"4":1,"5":1,"6":1,"7":1,"8":1,"9":1,"10":1,"11":1},"f":{"0":1,"1":1,"2":1},"b":{}}
}
